{"/home/runner/work/keneyapp/keneyapp/frontend/src/App.tsx": {"path":"/home/runner/work/keneyapp/keneyapp/frontend/src/App.tsx","statementMap":{"0":{"start":{"line":11,"column":12},"end":{"line":29,"column":1}},"1":{"start":{"line":12,"column":2},"end":{"line":28,"column":4}}},"fnMap":{"0":{"name":"(anonymous_0)","decl":{"start":{"line":11,"column":12},"end":{"line":11,"column":13}},"loc":{"start":{"line":11,"column":18},"end":{"line":29,"column":1}},"line":11}},"branchMap":{},"s":{"0":1,"1":3},"f":{"0":3},"b":{},"_coverageSchema":"1a1c01bbd47fc00a2c39e90264f33305004495a9","hash":"bb3ca890154ae824fe9abb86cb53b336f85a25f6"}
,"/home/runner/work/keneyapp/keneyapp/frontend/src/index.tsx": {"path":"/home/runner/work/keneyapp/keneyapp/frontend/src/index.tsx","statementMap":{"0":{"start":{"line":6,"column":13},"end":{"line":6,"column":80}},"1":{"start":{"line":8,"column":0},"end":{"line":12,"column":2}}},"fnMap":{},"branchMap":{},"s":{"0":0,"1":0},"f":{},"b":{}}
,"/home/runner/work/keneyapp/keneyapp/frontend/src/components/ErrorBoundary.tsx": {"path":"/home/runner/work/keneyapp/keneyapp/frontend/src/components/ErrorBoundary.tsx","statementMap":{"0":{"start":{"line":19,"column":4},"end":{"line":19,"column":17}},"1":{"start":{"line":20,"column":4},"end":{"line":24,"column":6}},"2":{"start":{"line":29,"column":4},"end":{"line":29,"column":37}},"3":{"start":{"line":34,"column":4},"end":{"line":34,"column":70}},"4":{"start":{"line":35,"column":4},"end":{"line":38,"column":7}},"5":{"start":{"line":44,"column":16},"end":{"line":50,"column":3}},"6":{"start":{"line":45,"column":4},"end":{"line":49,"column":7}},"7":{"start":{"line":53,"column":4},"end":{"line":131,"column":5}},"8":{"start":{"line":54,"column":6},"end":{"line":130,"column":8}},"9":{"start":{"line":114,"column":28},"end":{"line":114,"column":54}},"10":{"start":{"line":133,"column":4},"end":{"line":133,"column":31}}},"fnMap":{"0":{"name":"(anonymous_0)","decl":{"start":{"line":18,"column":2},"end":{"line":18,"column":3}},"loc":{"start":{"line":18,"column":28},"end":{"line":25,"column":3}},"line":18},"1":{"name":"(anonymous_1)","decl":{"start":{"line":27,"column":2},"end":{"line":27,"column":3}},"loc":{"start":{"line":27,"column":64},"end":{"line":30,"column":3}},"line":27},"2":{"name":"(anonymous_2)","decl":{"start":{"line":32,"column":2},"end":{"line":32,"column":3}},"loc":{"start":{"line":32,"column":62},"end":{"line":42,"column":3}},"line":32},"3":{"name":"(anonymous_3)","decl":{"start":{"line":44,"column":16},"end":{"line":44,"column":17}},"loc":{"start":{"line":44,"column":28},"end":{"line":50,"column":3}},"line":44},"4":{"name":"(anonymous_4)","decl":{"start":{"line":52,"column":2},"end":{"line":52,"column":3}},"loc":{"start":{"line":52,"column":22},"end":{"line":134,"column":3}},"line":52},"5":{"name":"(anonymous_5)","decl":{"start":{"line":114,"column":21},"end":{"line":114,"column":22}},"loc":{"start":{"line":114,"column":28},"end":{"line":114,"column":54}},"line":114}},"branchMap":{"0":{"loc":{"start":{"line":53,"column":4},"end":{"line":131,"column":5}},"type":"if","locations":[{"start":{"line":53,"column":4},"end":{"line":131,"column":5}},{"start":{},"end":{}}],"line":53},"1":{"loc":{"start":{"line":70,"column":11},"end":{"line":97,"column":11}},"type":"binary-expr","locations":[{"start":{"line":70,"column":11},"end":{"line":70,"column":49}},{"start":{"line":70,"column":53},"end":{"line":70,"column":69}},{"start":{"line":71,"column":12},"end":{"line":96,"column":22}}],"line":70},"2":{"loc":{"start":{"line":93,"column":17},"end":{"line":94,"column":80}},"type":"binary-expr","locations":[{"start":{"line":93,"column":17},"end":{"line":93,"column":37}},{"start":{"line":94,"column":18},"end":{"line":94,"column":80}}],"line":93}},"s":{"0":9,"1":8,"2":4,"3":2,"4":2,"5":8,"6":0,"7":14,"8":6,"9":0,"10":8},"f":{"0":9,"1":4,"2":2,"3":0,"4":14,"5":0},"b":{"0":[6,8],"1":[6,3,3],"2":[3,1]},"_coverageSchema":"1a1c01bbd47fc00a2c39e90264f33305004495a9","hash":"d08b3bc7afabf7789639f4a668ff2387e061ab5f"}
,"/home/runner/work/keneyapp/keneyapp/frontend/src/components/Header.tsx": {"path":"/home/runner/work/keneyapp/keneyapp/frontend/src/components/Header.tsx","statementMap":{"0":{"start":{"line":4,"column":15},"end":{"line":34,"column":1}},"1":{"start":{"line":5,"column":36},"end":{"line":5,"column":45}},"2":{"start":{"line":6,"column":19},"end":{"line":6,"column":32}},"3":{"start":{"line":8,"column":23},"end":{"line":11,"column":3}},"4":{"start":{"line":9,"column":4},"end":{"line":9,"column":13}},"5":{"start":{"line":10,"column":4},"end":{"line":10,"column":18}},"6":{"start":{"line":13,"column":2},"end":{"line":33,"column":4}}},"fnMap":{"0":{"name":"(anonymous_0)","decl":{"start":{"line":4,"column":15},"end":{"line":4,"column":16}},"loc":{"start":{"line":4,"column":21},"end":{"line":34,"column":1}},"line":4},"1":{"name":"(anonymous_1)","decl":{"start":{"line":8,"column":23},"end":{"line":8,"column":24}},"loc":{"start":{"line":8,"column":29},"end":{"line":11,"column":3}},"line":8}},"branchMap":{"0":{"loc":{"start":{"line":23,"column":9},"end":{"line":27,"column":9}},"type":"binary-expr","locations":[{"start":{"line":23,"column":9},"end":{"line":23,"column":13}},{"start":{"line":23,"column":17},"end":{"line":23,"column":25}},{"start":{"line":24,"column":10},"end":{"line":26,"column":17}}],"line":23}},"s":{"0":1,"1":5,"2":5,"3":5,"4":1,"5":1,"6":5},"f":{"0":5,"1":1},"b":{"0":[5,5,5]},"_coverageSchema":"1a1c01bbd47fc00a2c39e90264f33305004495a9","hash":"2b0fc48cf3fb092e506e75ab0b3312f2ba8e0f26"}
,"/home/runner/work/keneyapp/keneyapp/frontend/src/components/LoadingSpinner.tsx": {"path":"/home/runner/work/keneyapp/keneyapp/frontend/src/components/LoadingSpinner.tsx","statementMap":{"0":{"start":{"line":13,"column":23},"end":{"line":83,"column":1}},"1":{"start":{"line":18,"column":18},"end":{"line":22,"column":3}},"2":{"start":{"line":24,"column":22},"end":{"line":24,"column":35}},"3":{"start":{"line":26,"column":38},"end":{"line":33,"column":3}},"4":{"start":{"line":35,"column":40},"end":{"line":55,"column":7}},"5":{"start":{"line":57,"column":2},"end":{"line":82,"column":4}}},"fnMap":{"0":{"name":"(anonymous_0)","decl":{"start":{"line":13,"column":23},"end":{"line":13,"column":24}},"loc":{"start":{"line":17,"column":27},"end":{"line":83,"column":1}},"line":17}},"branchMap":{"0":{"loc":{"start":{"line":14,"column":2},"end":{"line":14,"column":17}},"type":"default-arg","locations":[{"start":{"line":14,"column":9},"end":{"line":14,"column":17}}],"line":14},"1":{"loc":{"start":{"line":15,"column":2},"end":{"line":15,"column":24}},"type":"default-arg","locations":[{"start":{"line":15,"column":12},"end":{"line":15,"column":24}}],"line":15},"2":{"loc":{"start":{"line":16,"column":2},"end":{"line":16,"column":20}},"type":"default-arg","locations":[{"start":{"line":16,"column":15},"end":{"line":16,"column":20}}],"line":16},"3":{"loc":{"start":{"line":35,"column":40},"end":{"line":55,"column":7}},"type":"cond-expr","locations":[{"start":{"line":36,"column":6},"end":{"line":48,"column":7}},{"start":{"line":49,"column":6},"end":{"line":55,"column":7}}],"line":35},"4":{"loc":{"start":{"line":69,"column":9},"end":{"line":79,"column":9}},"type":"binary-expr","locations":[{"start":{"line":69,"column":9},"end":{"line":69,"column":16}},{"start":{"line":70,"column":10},"end":{"line":78,"column":14}}],"line":69},"5":{"loc":{"start":{"line":74,"column":24},"end":{"line":74,"column":58}},"type":"cond-expr","locations":[{"start":{"line":74,"column":43},"end":{"line":74,"column":49}},{"start":{"line":74,"column":52},"end":{"line":74,"column":58}}],"line":74}},"s":{"0":1,"1":3,"2":3,"3":3,"4":3,"5":3},"f":{"0":3},"b":{"0":[3],"1":[3],"2":[3],"3":[0,3],"4":[3,3],"5":[0,3]},"_coverageSchema":"1a1c01bbd47fc00a2c39e90264f33305004495a9","hash":"0116211da75fcb3715bacb870dd0cff128ffffd4"}
,"/home/runner/work/keneyapp/keneyapp/frontend/src/components/NotificationToast.tsx": {"path":"/home/runner/work/keneyapp/keneyapp/frontend/src/components/NotificationToast.tsx","statementMap":{"0":{"start":{"line":16,"column":26},"end":{"line":131,"column":1}},"1":{"start":{"line":22,"column":36},"end":{"line":22,"column":50}},"2":{"start":{"line":24,"column":2},"end":{"line":52,"column":26}},"3":{"start":{"line":26,"column":20},"end":{"line":26,"column":51}},"4":{"start":{"line":27,"column":4},"end":{"line":43,"column":5}},"5":{"start":{"line":28,"column":20},"end":{"line":28,"column":51}},"6":{"start":{"line":29,"column":6},"end":{"line":29,"column":25}},"7":{"start":{"line":30,"column":6},"end":{"line":41,"column":8}},"8":{"start":{"line":42,"column":6},"end":{"line":42,"column":39}},"9":{"start":{"line":46,"column":18},"end":{"line":49,"column":16}},"10":{"start":{"line":47,"column":6},"end":{"line":47,"column":26}},"11":{"start":{"line":48,"column":6},"end":{"line":48,"column":29}},"12":{"start":{"line":48,"column":19},"end":{"line":48,"column":29}},"13":{"start":{"line":51,"column":4},"end":{"line":51,"column":37}},"14":{"start":{"line":51,"column":17},"end":{"line":51,"column":36}},"15":{"start":{"line":54,"column":2},"end":{"line":54,"column":30}},"16":{"start":{"line":54,"column":18},"end":{"line":54,"column":30}},"17":{"start":{"line":56,"column":21},"end":{"line":61,"column":3}},"18":{"start":{"line":63,"column":17},"end":{"line":63,"column":33}},"19":{"start":{"line":65,"column":42},"end":{"line":82,"column":3}},"20":{"start":{"line":84,"column":18},"end":{"line":89,"column":3}},"21":{"start":{"line":91,"column":22},"end":{"line":94,"column":3}},"22":{"start":{"line":92,"column":4},"end":{"line":92,"column":24}},"23":{"start":{"line":93,"column":4},"end":{"line":93,"column":27}},"24":{"start":{"line":93,"column":17},"end":{"line":93,"column":27}},"25":{"start":{"line":96,"column":2},"end":{"line":130,"column":4}}},"fnMap":{"0":{"name":"(anonymous_0)","decl":{"start":{"line":16,"column":26},"end":{"line":16,"column":27}},"loc":{"start":{"line":21,"column":30},"end":{"line":131,"column":1}},"line":21},"1":{"name":"(anonymous_1)","decl":{"start":{"line":24,"column":12},"end":{"line":24,"column":13}},"loc":{"start":{"line":24,"column":18},"end":{"line":52,"column":3}},"line":24},"2":{"name":"(anonymous_2)","decl":{"start":{"line":46,"column":29},"end":{"line":46,"column":30}},"loc":{"start":{"line":46,"column":35},"end":{"line":49,"column":5}},"line":46},"3":{"name":"(anonymous_3)","decl":{"start":{"line":51,"column":11},"end":{"line":51,"column":12}},"loc":{"start":{"line":51,"column":17},"end":{"line":51,"column":36}},"line":51},"4":{"name":"(anonymous_4)","decl":{"start":{"line":91,"column":22},"end":{"line":91,"column":23}},"loc":{"start":{"line":91,"column":28},"end":{"line":94,"column":3}},"line":91}},"branchMap":{"0":{"loc":{"start":{"line":18,"column":2},"end":{"line":18,"column":15}},"type":"default-arg","locations":[{"start":{"line":18,"column":9},"end":{"line":18,"column":15}}],"line":18},"1":{"loc":{"start":{"line":19,"column":2},"end":{"line":19,"column":17}},"type":"default-arg","locations":[{"start":{"line":19,"column":13},"end":{"line":19,"column":17}}],"line":19},"2":{"loc":{"start":{"line":27,"column":4},"end":{"line":43,"column":5}},"type":"if","locations":[{"start":{"line":27,"column":4},"end":{"line":43,"column":5}},{"start":{},"end":{}}],"line":27},"3":{"loc":{"start":{"line":48,"column":6},"end":{"line":48,"column":29}},"type":"if","locations":[{"start":{"line":48,"column":6},"end":{"line":48,"column":29}},{"start":{},"end":{}}],"line":48},"4":{"loc":{"start":{"line":54,"column":2},"end":{"line":54,"column":30}},"type":"if","locations":[{"start":{"line":54,"column":2},"end":{"line":54,"column":30}},{"start":{},"end":{}}],"line":54},"5":{"loc":{"start":{"line":93,"column":4},"end":{"line":93,"column":27}},"type":"if","locations":[{"start":{"line":93,"column":4},"end":{"line":93,"column":27}},{"start":{},"end":{}}],"line":93}},"s":{"0":0,"1":0,"2":0,"3":0,"4":0,"5":0,"6":0,"7":0,"8":0,"9":0,"10":0,"11":0,"12":0,"13":0,"14":0,"15":0,"16":0,"17":0,"18":0,"19":0,"20":0,"21":0,"22":0,"23":0,"24":0,"25":0},"f":{"0":0,"1":0,"2":0,"3":0,"4":0},"b":{"0":[0],"1":[0],"2":[0,0],"3":[0,0],"4":[0,0],"5":[0,0]}}
,"/home/runner/work/keneyapp/keneyapp/frontend/src/contexts/AuthContext.tsx": {"path":"/home/runner/work/keneyapp/keneyapp/frontend/src/contexts/AuthContext.tsx","statementMap":{"0":{"start":{"line":36,"column":20},"end":{"line":36,"column":73}},"1":{"start":{"line":38,"column":16},"end":{"line":38,"column":72}},"2":{"start":{"line":40,"column":22},"end":{"line":50,"column":2}},"3":{"start":{"line":40,"column":47},"end":{"line":50,"column":1}},"4":{"start":{"line":52,"column":63},"end":{"line":159,"column":1}},"5":{"start":{"line":53,"column":26},"end":{"line":53,"column":53}},"6":{"start":{"line":54,"column":28},"end":{"line":54,"column":82}},"7":{"start":{"line":55,"column":32},"end":{"line":55,"column":89}},"8":{"start":{"line":57,"column":17},"end":{"line":61,"column":8}},"9":{"start":{"line":58,"column":4},"end":{"line":58,"column":18}},"10":{"start":{"line":59,"column":4},"end":{"line":59,"column":19}},"11":{"start":{"line":60,"column":4},"end":{"line":60,"column":37}},"12":{"start":{"line":63,"column":19},"end":{"line":71,"column":8}},"13":{"start":{"line":64,"column":21},"end":{"line":68,"column":6}},"14":{"start":{"line":70,"column":4},"end":{"line":70,"column":42}},"15":{"start":{"line":73,"column":22},"end":{"line":89,"column":31}},"16":{"start":{"line":74,"column":4},"end":{"line":77,"column":5}},"17":{"start":{"line":75,"column":6},"end":{"line":75,"column":20}},"18":{"start":{"line":76,"column":6},"end":{"line":76,"column":13}},"19":{"start":{"line":79,"column":4},"end":{"line":79,"column":21}},"20":{"start":{"line":80,"column":4},"end":{"line":88,"column":5}},"21":{"start":{"line":81,"column":6},"end":{"line":81,"column":28}},"22":{"start":{"line":83,"column":6},"end":{"line":83,"column":57}},"23":{"start":{"line":84,"column":6},"end":{"line":84,"column":15}},"24":{"start":{"line":85,"column":6},"end":{"line":85,"column":18}},"25":{"start":{"line":87,"column":6},"end":{"line":87,"column":24}},"26":{"start":{"line":91,"column":16},"end":{"line":115,"column":3}},"27":{"start":{"line":93,"column":6},"end":{"line":93,"column":23}},"28":{"start":{"line":94,"column":6},"end":{"line":112,"column":7}},"29":{"start":{"line":95,"column":25},"end":{"line":95,"column":39}},"30":{"start":{"line":96,"column":8},"end":{"line":96,"column":46}},"31":{"start":{"line":97,"column":8},"end":{"line":97,"column":46}},"32":{"start":{"line":99,"column":25},"end":{"line":99,"column":83}},"33":{"start":{"line":100,"column":46},"end":{"line":100,"column":59}},"34":{"start":{"line":102,"column":8},"end":{"line":102,"column":51}},"35":{"start":{"line":103,"column":8},"end":{"line":103,"column":30}},"36":{"start":{"line":105,"column":8},"end":{"line":105,"column":36}},"37":{"start":{"line":107,"column":8},"end":{"line":107,"column":46}},"38":{"start":{"line":108,"column":8},"end":{"line":108,"column":17}},"39":{"start":{"line":109,"column":8},"end":{"line":109,"column":20}},"40":{"start":{"line":111,"column":8},"end":{"line":111,"column":26}},"41":{"start":{"line":117,"column":2},"end":{"line":143,"column":32}},"42":{"start":{"line":118,"column":4},"end":{"line":121,"column":5}},"43":{"start":{"line":119,"column":6},"end":{"line":119,"column":24}},"44":{"start":{"line":120,"column":6},"end":{"line":120,"column":13}},"45":{"start":{"line":123,"column":17},"end":{"line":123,"column":21}},"46":{"start":{"line":124,"column":4},"end":{"line":124,"column":21}},"47":{"start":{"line":126,"column":4},"end":{"line":138,"column":9}},"48":{"start":{"line":128,"column":8},"end":{"line":130,"column":9}},"49":{"start":{"line":129,"column":10},"end":{"line":129,"column":17}},"50":{"start":{"line":131,"column":8},"end":{"line":131,"column":60}},"51":{"start":{"line":132,"column":8},"end":{"line":132,"column":17}},"52":{"start":{"line":135,"column":8},"end":{"line":137,"column":9}},"53":{"start":{"line":136,"column":10},"end":{"line":136,"column":28}},"54":{"start":{"line":140,"column":4},"end":{"line":142,"column":6}},"55":{"start":{"line":141,"column":6},"end":{"line":141,"column":21}},"56":{"start":{"line":145,"column":16},"end":{"line":156,"column":3}},"57":{"start":{"line":146,"column":11},"end":{"line":154,"column":5}},"58":{"start":{"line":158,"column":2},"end":{"line":158,"column":79}},"59":{"start":{"line":161,"column":23},"end":{"line":167,"column":1}},"60":{"start":{"line":162,"column":18},"end":{"line":162,"column":41}},"61":{"start":{"line":163,"column":2},"end":{"line":165,"column":3}},"62":{"start":{"line":164,"column":4},"end":{"line":164,"column":67}},"63":{"start":{"line":166,"column":2},"end":{"line":166,"column":17}}},"fnMap":{"0":{"name":"(anonymous_0)","decl":{"start":{"line":40,"column":22},"end":{"line":40,"column":23}},"loc":{"start":{"line":40,"column":47},"end":{"line":50,"column":1}},"line":40},"1":{"name":"(anonymous_1)","decl":{"start":{"line":52,"column":63},"end":{"line":52,"column":64}},"loc":{"start":{"line":52,"column":81},"end":{"line":159,"column":1}},"line":52},"2":{"name":"(anonymous_2)","decl":{"start":{"line":57,"column":29},"end":{"line":57,"column":30}},"loc":{"start":{"line":57,"column":35},"end":{"line":61,"column":3}},"line":57},"3":{"name":"(anonymous_3)","decl":{"start":{"line":63,"column":31},"end":{"line":63,"column":32}},"loc":{"start":{"line":63,"column":62},"end":{"line":71,"column":3}},"line":63},"4":{"name":"(anonymous_4)","decl":{"start":{"line":73,"column":34},"end":{"line":73,"column":35}},"loc":{"start":{"line":73,"column":46},"end":{"line":89,"column":3}},"line":73},"5":{"name":"(anonymous_5)","decl":{"start":{"line":92,"column":4},"end":{"line":92,"column":5}},"loc":{"start":{"line":92,"column":50},"end":{"line":113,"column":5}},"line":92},"6":{"name":"(anonymous_6)","decl":{"start":{"line":117,"column":12},"end":{"line":117,"column":13}},"loc":{"start":{"line":117,"column":18},"end":{"line":143,"column":3}},"line":117},"7":{"name":"(anonymous_7)","decl":{"start":{"line":127,"column":13},"end":{"line":127,"column":14}},"loc":{"start":{"line":127,"column":22},"end":{"line":133,"column":7}},"line":127},"8":{"name":"(anonymous_8)","decl":{"start":{"line":134,"column":15},"end":{"line":134,"column":16}},"loc":{"start":{"line":134,"column":21},"end":{"line":138,"column":7}},"line":134},"9":{"name":"(anonymous_9)","decl":{"start":{"line":140,"column":11},"end":{"line":140,"column":12}},"loc":{"start":{"line":140,"column":17},"end":{"line":142,"column":5}},"line":140},"10":{"name":"(anonymous_10)","decl":{"start":{"line":146,"column":4},"end":{"line":146,"column":5}},"loc":{"start":{"line":146,"column":11},"end":{"line":154,"column":5}},"line":146},"11":{"name":"(anonymous_11)","decl":{"start":{"line":161,"column":23},"end":{"line":161,"column":24}},"loc":{"start":{"line":161,"column":46},"end":{"line":167,"column":1}},"line":161}},"branchMap":{"0":{"loc":{"start":{"line":38,"column":16},"end":{"line":38,"column":72}},"type":"binary-expr","locations":[{"start":{"line":38,"column":16},"end":{"line":38,"column":45}},{"start":{"line":38,"column":49},"end":{"line":38,"column":72}}],"line":38},"1":{"loc":{"start":{"line":74,"column":4},"end":{"line":77,"column":5}},"type":"if","locations":[{"start":{"line":74,"column":4},"end":{"line":77,"column":5}},{"start":{},"end":{}}],"line":74},"2":{"loc":{"start":{"line":118,"column":4},"end":{"line":121,"column":5}},"type":"if","locations":[{"start":{"line":118,"column":4},"end":{"line":121,"column":5}},{"start":{},"end":{}}],"line":118},"3":{"loc":{"start":{"line":128,"column":8},"end":{"line":130,"column":9}},"type":"if","locations":[{"start":{"line":128,"column":8},"end":{"line":130,"column":9}},{"start":{},"end":{}}],"line":128},"4":{"loc":{"start":{"line":135,"column":8},"end":{"line":137,"column":9}},"type":"if","locations":[{"start":{"line":135,"column":8},"end":{"line":137,"column":9}},{"start":{},"end":{}}],"line":135},"5":{"loc":{"start":{"line":163,"column":2},"end":{"line":165,"column":3}},"type":"if","locations":[{"start":{"line":163,"column":2},"end":{"line":165,"column":3}},{"start":{},"end":{}}],"line":163}},"s":{"0":3,"1":3,"2":3,"3":1,"4":3,"5":10,"6":10,"7":10,"8":10,"9":2,"10":2,"11":2,"12":10,"13":2,"14":2,"15":10,"16":0,"17":0,"18":0,"19":0,"20":0,"21":0,"22":0,"23":0,"24":0,"25":0,"26":10,"27":1,"28":1,"29":1,"30":1,"31":1,"32":1,"33":1,"34":1,"35":1,"36":1,"37":0,"38":0,"39":0,"40":1,"41":10,"42":8,"43":7,"44":7,"45":1,"46":1,"47":1,"48":1,"49":0,"50":1,"51":1,"52":1,"53":1,"54":1,"55":1,"56":10,"57":9,"58":10,"59":3,"60":15,"61":15,"62":4,"63":11},"f":{"0":1,"1":10,"2":2,"3":2,"4":0,"5":1,"6":8,"7":1,"8":1,"9":1,"10":9,"11":15},"b":{"0":[3,3],"1":[0,0],"2":[7,1],"3":[0,1],"4":[1,0],"5":[4,11]},"_coverageSchema":"1a1c01bbd47fc00a2c39e90264f33305004495a9","hash":"d627329c035532858c6f73c1b6083af9e7979669"}
,"/home/runner/work/keneyapp/keneyapp/frontend/src/hooks/useApi.ts": {"path":"/home/runner/work/keneyapp/keneyapp/frontend/src/hooks/useApi.ts","statementMap":{"0":{"start":{"line":36,"column":28},"end":{"line":40,"column":4}},"1":{"start":{"line":42,"column":18},"end":{"line":82,"column":8}},"2":{"start":{"line":43,"column":4},"end":{"line":43,"column":57}},"3":{"start":{"line":45,"column":4},"end":{"line":81,"column":5}},"4":{"start":{"line":46,"column":23},"end":{"line":46,"column":42}},"5":{"start":{"line":47,"column":6},"end":{"line":47,"column":69}},"6":{"start":{"line":48,"column":6},"end":{"line":48,"column":27}},"7":{"start":{"line":50,"column":20},"end":{"line":50,"column":42}},"8":{"start":{"line":51,"column":25},"end":{"line":51,"column":55}},"9":{"start":{"line":53,"column":6},"end":{"line":77,"column":7}},"10":{"start":{"line":55,"column":23},"end":{"line":55,"column":44}},"11":{"start":{"line":58,"column":8},"end":{"line":70,"column":9}},"12":{"start":{"line":59,"column":10},"end":{"line":59,"column":73}},"13":{"start":{"line":60,"column":15},"end":{"line":70,"column":9}},"14":{"start":{"line":61,"column":10},"end":{"line":61,"column":78}},"15":{"start":{"line":62,"column":15},"end":{"line":70,"column":9}},"16":{"start":{"line":63,"column":10},"end":{"line":63,"column":65}},"17":{"start":{"line":64,"column":15},"end":{"line":70,"column":9}},"18":{"start":{"line":65,"column":10},"end":{"line":65,"column":65}},"19":{"start":{"line":68,"column":10},"end":{"line":69,"column":88}},"20":{"start":{"line":71,"column":13},"end":{"line":77,"column":7}},"21":{"start":{"line":73,"column":8},"end":{"line":73,"column":70}},"22":{"start":{"line":76,"column":8},"end":{"line":76,"column":73}},"23":{"start":{"line":79,"column":6},"end":{"line":79,"column":68}},"24":{"start":{"line":80,"column":6},"end":{"line":80,"column":18}},"25":{"start":{"line":84,"column":16},"end":{"line":86,"column":8}},"26":{"start":{"line":85,"column":4},"end":{"line":85,"column":58}},"27":{"start":{"line":88,"column":2},"end":{"line":94,"column":4}}},"fnMap":{"0":{"name":"useApi","decl":{"start":{"line":35,"column":16},"end":{"line":35,"column":22}},"loc":{"start":{"line":35,"column":51},"end":{"line":95,"column":1}},"line":35},"1":{"name":"(anonymous_1)","decl":{"start":{"line":42,"column":30},"end":{"line":42,"column":31}},"loc":{"start":{"line":42,"column":87},"end":{"line":82,"column":3}},"line":42},"2":{"name":"(anonymous_2)","decl":{"start":{"line":84,"column":28},"end":{"line":84,"column":29}},"loc":{"start":{"line":84,"column":34},"end":{"line":86,"column":3}},"line":84}},"branchMap":{"0":{"loc":{"start":{"line":53,"column":6},"end":{"line":77,"column":7}},"type":"if","locations":[{"start":{"line":53,"column":6},"end":{"line":77,"column":7}},{"start":{"line":71,"column":13},"end":{"line":77,"column":7}}],"line":53},"1":{"loc":{"start":{"line":58,"column":8},"end":{"line":70,"column":9}},"type":"if","locations":[{"start":{"line":58,"column":8},"end":{"line":70,"column":9}},{"start":{"line":60,"column":15},"end":{"line":70,"column":9}}],"line":58},"2":{"loc":{"start":{"line":60,"column":15},"end":{"line":70,"column":9}},"type":"if","locations":[{"start":{"line":60,"column":15},"end":{"line":70,"column":9}},{"start":{"line":62,"column":15},"end":{"line":70,"column":9}}],"line":60},"3":{"loc":{"start":{"line":62,"column":15},"end":{"line":70,"column":9}},"type":"if","locations":[{"start":{"line":62,"column":15},"end":{"line":70,"column":9}},{"start":{"line":64,"column":15},"end":{"line":70,"column":9}}],"line":62},"4":{"loc":{"start":{"line":64,"column":15},"end":{"line":70,"column":9}},"type":"if","locations":[{"start":{"line":64,"column":15},"end":{"line":70,"column":9}},{"start":{"line":66,"column":15},"end":{"line":70,"column":9}}],"line":64},"5":{"loc":{"start":{"line":69,"column":12},"end":{"line":69,"column":87}},"type":"binary-expr","locations":[{"start":{"line":69,"column":12},"end":{"line":69,"column":39}},{"start":{"line":69,"column":43},"end":{"line":69,"column":71}},{"start":{"line":69,"column":75},"end":{"line":69,"column":87}}],"line":69},"6":{"loc":{"start":{"line":71,"column":13},"end":{"line":77,"column":7}},"type":"if","locations":[{"start":{"line":71,"column":13},"end":{"line":77,"column":7}},{"start":{"line":74,"column":13},"end":{"line":77,"column":7}}],"line":71}},"s":{"0":3,"1":3,"2":0,"3":0,"4":0,"5":0,"6":0,"7":0,"8":0,"9":0,"10":0,"11":0,"12":0,"13":0,"14":0,"15":0,"16":0,"17":0,"18":0,"19":0,"20":0,"21":0,"22":0,"23":0,"24":0,"25":3,"26":0,"27":3},"f":{"0":3,"1":0,"2":0},"b":{"0":[0,0],"1":[0,0],"2":[0,0],"3":[0,0],"4":[0,0],"5":[0,0,0],"6":[0,0]},"_coverageSchema":"1a1c01bbd47fc00a2c39e90264f33305004495a9","hash":"f50cc3c8b06cdb4458b2a3caba4bc86a6fafbd5b"}
,"/home/runner/work/keneyapp/keneyapp/frontend/src/pages/AppointmentsPage.tsx": {"path":"/home/runner/work/keneyapp/keneyapp/frontend/src/pages/AppointmentsPage.tsx","statementMap":{"0":{"start":{"line":16,"column":16},"end":{"line":16,"column":72}},"1":{"start":{"line":18,"column":25},"end":{"line":88,"column":1}},"2":{"start":{"line":19,"column":42},"end":{"line":19,"column":69}},"3":{"start":{"line":20,"column":37},"end":{"line":20,"column":46}},"4":{"start":{"line":21,"column":19},"end":{"line":21,"column":32}},"5":{"start":{"line":23,"column":2},"end":{"line":43,"column":41}},"6":{"start":{"line":24,"column":4},"end":{"line":27,"column":5}},"7":{"start":{"line":25,"column":6},"end":{"line":25,"column":20}},"8":{"start":{"line":26,"column":6},"end":{"line":26,"column":13}},"9":{"start":{"line":29,"column":30},"end":{"line":40,"column":5}},"10":{"start":{"line":30,"column":6},"end":{"line":39,"column":7}},"11":{"start":{"line":31,"column":25},"end":{"line":35,"column":10}},"12":{"start":{"line":36,"column":8},"end":{"line":36,"column":39}},"13":{"start":{"line":38,"column":8},"end":{"line":38,"column":62}},"14":{"start":{"line":42,"column":4},"end":{"line":42,"column":24}},"15":{"start":{"line":45,"column":2},"end":{"line":87,"column":4}},"16":{"start":{"line":70,"column":18},"end":{"line":79,"column":23}}},"fnMap":{"0":{"name":"(anonymous_0)","decl":{"start":{"line":18,"column":25},"end":{"line":18,"column":26}},"loc":{"start":{"line":18,"column":31},"end":{"line":88,"column":1}},"line":18},"1":{"name":"(anonymous_1)","decl":{"start":{"line":23,"column":12},"end":{"line":23,"column":13}},"loc":{"start":{"line":23,"column":18},"end":{"line":43,"column":3}},"line":23},"2":{"name":"(anonymous_2)","decl":{"start":{"line":29,"column":30},"end":{"line":29,"column":31}},"loc":{"start":{"line":29,"column":42},"end":{"line":40,"column":5}},"line":29},"3":{"name":"(anonymous_3)","decl":{"start":{"line":69,"column":34},"end":{"line":69,"column":35}},"loc":{"start":{"line":70,"column":18},"end":{"line":79,"column":23}},"line":70}},"branchMap":{"0":{"loc":{"start":{"line":16,"column":16},"end":{"line":16,"column":72}},"type":"binary-expr","locations":[{"start":{"line":16,"column":16},"end":{"line":16,"column":45}},{"start":{"line":16,"column":49},"end":{"line":16,"column":72}}],"line":16},"1":{"loc":{"start":{"line":24,"column":4},"end":{"line":27,"column":5}},"type":"if","locations":[{"start":{"line":24,"column":4},"end":{"line":27,"column":5}},{"start":{},"end":{}}],"line":24},"2":{"loc":{"start":{"line":54,"column":11},"end":{"line":83,"column":11}},"type":"cond-expr","locations":[{"start":{"line":55,"column":12},"end":{"line":55,"column":41}},{"start":{"line":57,"column":12},"end":{"line":82,"column":20}}],"line":54}},"s":{"0":0,"1":0,"2":0,"3":0,"4":0,"5":0,"6":0,"7":0,"8":0,"9":0,"10":0,"11":0,"12":0,"13":0,"14":0,"15":0,"16":0},"f":{"0":0,"1":0,"2":0,"3":0},"b":{"0":[0,0],"1":[0,0],"2":[0,0]}}
,"/home/runner/work/keneyapp/keneyapp/frontend/src/pages/DashboardPage.tsx": {"path":"/home/runner/work/keneyapp/keneyapp/frontend/src/pages/DashboardPage.tsx","statementMap":{"0":{"start":{"line":14,"column":16},"end":{"line":14,"column":72}},"1":{"start":{"line":16,"column":22},"end":{"line":90,"column":1}},"2":{"start":{"line":17,"column":28},"end":{"line":17,"column":65}},"3":{"start":{"line":18,"column":37},"end":{"line":18,"column":46}},"4":{"start":{"line":19,"column":19},"end":{"line":19,"column":32}},"5":{"start":{"line":21,"column":2},"end":{"line":41,"column":41}},"6":{"start":{"line":22,"column":4},"end":{"line":25,"column":5}},"7":{"start":{"line":23,"column":6},"end":{"line":23,"column":20}},"8":{"start":{"line":24,"column":6},"end":{"line":24,"column":13}},"9":{"start":{"line":27,"column":23},"end":{"line":38,"column":5}},"10":{"start":{"line":28,"column":6},"end":{"line":37,"column":7}},"11":{"start":{"line":29,"column":25},"end":{"line":33,"column":10}},"12":{"start":{"line":34,"column":8},"end":{"line":34,"column":32}},"13":{"start":{"line":36,"column":8},"end":{"line":36,"column":55}},"14":{"start":{"line":40,"column":4},"end":{"line":40,"column":17}},"15":{"start":{"line":43,"column":2},"end":{"line":52,"column":3}},"16":{"start":{"line":44,"column":4},"end":{"line":51,"column":6}},"17":{"start":{"line":54,"column":2},"end":{"line":89,"column":4}}},"fnMap":{"0":{"name":"(anonymous_0)","decl":{"start":{"line":16,"column":22},"end":{"line":16,"column":23}},"loc":{"start":{"line":16,"column":28},"end":{"line":90,"column":1}},"line":16},"1":{"name":"(anonymous_1)","decl":{"start":{"line":21,"column":12},"end":{"line":21,"column":13}},"loc":{"start":{"line":21,"column":18},"end":{"line":41,"column":3}},"line":21},"2":{"name":"(anonymous_2)","decl":{"start":{"line":27,"column":23},"end":{"line":27,"column":24}},"loc":{"start":{"line":27,"column":35},"end":{"line":38,"column":5}},"line":27}},"branchMap":{"0":{"loc":{"start":{"line":14,"column":16},"end":{"line":14,"column":72}},"type":"binary-expr","locations":[{"start":{"line":14,"column":16},"end":{"line":14,"column":45}},{"start":{"line":14,"column":49},"end":{"line":14,"column":72}}],"line":14},"1":{"loc":{"start":{"line":22,"column":4},"end":{"line":25,"column":5}},"type":"if","locations":[{"start":{"line":22,"column":4},"end":{"line":25,"column":5}},{"start":{},"end":{}}],"line":22},"2":{"loc":{"start":{"line":43,"column":2},"end":{"line":52,"column":3}},"type":"if","locations":[{"start":{"line":43,"column":2},"end":{"line":52,"column":3}},{"start":{},"end":{}}],"line":43}},"s":{"0":0,"1":0,"2":0,"3":0,"4":0,"5":0,"6":0,"7":0,"8":0,"9":0,"10":0,"11":0,"12":0,"13":0,"14":0,"15":0,"16":0,"17":0},"f":{"0":0,"1":0,"2":0},"b":{"0":[0,0],"1":[0,0],"2":[0,0]}}
,"/home/runner/work/keneyapp/keneyapp/frontend/src/pages/LoginPage.tsx": {"path":"/home/runner/work/keneyapp/keneyapp/frontend/src/pages/LoginPage.tsx","statementMap":{"0":{"start":{"line":6,"column":18},"end":{"line":74,"column":1}},"1":{"start":{"line":7,"column":34},"end":{"line":7,"column":46}},"2":{"start":{"line":8,"column":34},"end":{"line":8,"column":46}},"3":{"start":{"line":9,"column":28},"end":{"line":9,"column":40}},"4":{"start":{"line":10,"column":29},"end":{"line":10,"column":38}},"5":{"start":{"line":11,"column":19},"end":{"line":11,"column":32}},"6":{"start":{"line":13,"column":23},"end":{"line":23,"column":3}},"7":{"start":{"line":14,"column":4},"end":{"line":14,"column":23}},"8":{"start":{"line":15,"column":4},"end":{"line":15,"column":17}},"9":{"start":{"line":17,"column":4},"end":{"line":22,"column":5}},"10":{"start":{"line":18,"column":6},"end":{"line":18,"column":38}},"11":{"start":{"line":19,"column":6},"end":{"line":19,"column":29}},"12":{"start":{"line":21,"column":6},"end":{"line":21,"column":63}},"13":{"start":{"line":25,"column":2},"end":{"line":73,"column":4}},"14":{"start":{"line":40,"column":29},"end":{"line":40,"column":56}},"15":{"start":{"line":52,"column":29},"end":{"line":52,"column":56}}},"fnMap":{"0":{"name":"(anonymous_0)","decl":{"start":{"line":6,"column":18},"end":{"line":6,"column":19}},"loc":{"start":{"line":6,"column":24},"end":{"line":74,"column":1}},"line":6},"1":{"name":"(anonymous_1)","decl":{"start":{"line":13,"column":23},"end":{"line":13,"column":24}},"loc":{"start":{"line":13,"column":47},"end":{"line":23,"column":3}},"line":13},"2":{"name":"(anonymous_2)","decl":{"start":{"line":40,"column":24},"end":{"line":40,"column":25}},"loc":{"start":{"line":40,"column":29},"end":{"line":40,"column":56}},"line":40},"3":{"name":"(anonymous_3)","decl":{"start":{"line":52,"column":24},"end":{"line":52,"column":25}},"loc":{"start":{"line":52,"column":29},"end":{"line":52,"column":56}},"line":52}},"branchMap":{"0":{"loc":{"start":{"line":32,"column":11},"end":{"line":32,"column":64}},"type":"binary-expr","locations":[{"start":{"line":32,"column":11},"end":{"line":32,"column":16}},{"start":{"line":32,"column":20},"end":{"line":32,"column":64}}],"line":32},"1":{"loc":{"start":{"line":58,"column":13},"end":{"line":58,"column":48}},"type":"cond-expr","locations":[{"start":{"line":58,"column":23},"end":{"line":58,"column":38}},{"start":{"line":58,"column":41},"end":{"line":58,"column":48}}],"line":58}},"s":{"0":0,"1":0,"2":0,"3":0,"4":0,"5":0,"6":0,"7":0,"8":0,"9":0,"10":0,"11":0,"12":0,"13":0,"14":0,"15":0},"f":{"0":0,"1":0,"2":0,"3":0},"b":{"0":[0,0],"1":[0,0]}}
,"/home/runner/work/keneyapp/keneyapp/frontend/src/pages/PatientsPage.tsx": {"path":"/home/runner/work/keneyapp/keneyapp/frontend/src/pages/PatientsPage.tsx","statementMap":{"0":{"start":{"line":16,"column":16},"end":{"line":16,"column":72}},"1":{"start":{"line":18,"column":21},"end":{"line":86,"column":1}},"2":{"start":{"line":19,"column":34},"end":{"line":19,"column":57}},"3":{"start":{"line":20,"column":37},"end":{"line":20,"column":46}},"4":{"start":{"line":21,"column":19},"end":{"line":21,"column":32}},"5":{"start":{"line":23,"column":2},"end":{"line":43,"column":41}},"6":{"start":{"line":24,"column":4},"end":{"line":27,"column":5}},"7":{"start":{"line":25,"column":6},"end":{"line":25,"column":20}},"8":{"start":{"line":26,"column":6},"end":{"line":26,"column":13}},"9":{"start":{"line":29,"column":26},"end":{"line":40,"column":5}},"10":{"start":{"line":30,"column":6},"end":{"line":39,"column":7}},"11":{"start":{"line":31,"column":25},"end":{"line":35,"column":10}},"12":{"start":{"line":36,"column":8},"end":{"line":36,"column":35}},"13":{"start":{"line":38,"column":8},"end":{"line":38,"column":58}},"14":{"start":{"line":42,"column":4},"end":{"line":42,"column":20}},"15":{"start":{"line":45,"column":2},"end":{"line":85,"column":4}},"16":{"start":{"line":69,"column":18},"end":{"line":77,"column":23}}},"fnMap":{"0":{"name":"(anonymous_0)","decl":{"start":{"line":18,"column":21},"end":{"line":18,"column":22}},"loc":{"start":{"line":18,"column":27},"end":{"line":86,"column":1}},"line":18},"1":{"name":"(anonymous_1)","decl":{"start":{"line":23,"column":12},"end":{"line":23,"column":13}},"loc":{"start":{"line":23,"column":18},"end":{"line":43,"column":3}},"line":23},"2":{"name":"(anonymous_2)","decl":{"start":{"line":29,"column":26},"end":{"line":29,"column":27}},"loc":{"start":{"line":29,"column":38},"end":{"line":40,"column":5}},"line":29},"3":{"name":"(anonymous_3)","decl":{"start":{"line":68,"column":30},"end":{"line":68,"column":31}},"loc":{"start":{"line":69,"column":18},"end":{"line":77,"column":23}},"line":69}},"branchMap":{"0":{"loc":{"start":{"line":16,"column":16},"end":{"line":16,"column":72}},"type":"binary-expr","locations":[{"start":{"line":16,"column":16},"end":{"line":16,"column":45}},{"start":{"line":16,"column":49},"end":{"line":16,"column":72}}],"line":16},"1":{"loc":{"start":{"line":24,"column":4},"end":{"line":27,"column":5}},"type":"if","locations":[{"start":{"line":24,"column":4},"end":{"line":27,"column":5}},{"start":{},"end":{}}],"line":24},"2":{"loc":{"start":{"line":54,"column":11},"end":{"line":81,"column":11}},"type":"cond-expr","locations":[{"start":{"line":55,"column":12},"end":{"line":55,"column":37}},{"start":{"line":57,"column":12},"end":{"line":80,"column":20}}],"line":54},"3":{"loc":{"start":{"line":74,"column":25},"end":{"line":74,"column":47}},"type":"binary-expr","locations":[{"start":{"line":74,"column":25},"end":{"line":74,"column":38}},{"start":{"line":74,"column":42},"end":{"line":74,"column":47}}],"line":74}},"s":{"0":0,"1":0,"2":0,"3":0,"4":0,"5":0,"6":0,"7":0,"8":0,"9":0,"10":0,"11":0,"12":0,"13":0,"14":0,"15":0,"16":0},"f":{"0":0,"1":0,"2":0,"3":0},"b":{"0":[0,0],"1":[0,0],"2":[0,0],"3":[0,0]}}
,"/home/runner/work/keneyapp/keneyapp/frontend/src/pages/PrescriptionsPage.tsx": {"path":"/home/runner/work/keneyapp/keneyapp/frontend/src/pages/PrescriptionsPage.tsx","statementMap":{"0":{"start":{"line":17,"column":16},"end":{"line":17,"column":72}},"1":{"start":{"line":19,"column":26},"end":{"line":87,"column":1}},"2":{"start":{"line":20,"column":44},"end":{"line":20,"column":72}},"3":{"start":{"line":21,"column":37},"end":{"line":21,"column":46}},"4":{"start":{"line":22,"column":19},"end":{"line":22,"column":32}},"5":{"start":{"line":24,"column":2},"end":{"line":44,"column":41}},"6":{"start":{"line":25,"column":4},"end":{"line":28,"column":5}},"7":{"start":{"line":26,"column":6},"end":{"line":26,"column":20}},"8":{"start":{"line":27,"column":6},"end":{"line":27,"column":13}},"9":{"start":{"line":30,"column":31},"end":{"line":41,"column":5}},"10":{"start":{"line":31,"column":6},"end":{"line":40,"column":7}},"11":{"start":{"line":32,"column":25},"end":{"line":36,"column":10}},"12":{"start":{"line":37,"column":8},"end":{"line":37,"column":40}},"13":{"start":{"line":39,"column":8},"end":{"line":39,"column":63}},"14":{"start":{"line":43,"column":4},"end":{"line":43,"column":25}},"15":{"start":{"line":46,"column":2},"end":{"line":86,"column":4}},"16":{"start":{"line":71,"column":18},"end":{"line":78,"column":23}}},"fnMap":{"0":{"name":"(anonymous_0)","decl":{"start":{"line":19,"column":26},"end":{"line":19,"column":27}},"loc":{"start":{"line":19,"column":32},"end":{"line":87,"column":1}},"line":19},"1":{"name":"(anonymous_1)","decl":{"start":{"line":24,"column":12},"end":{"line":24,"column":13}},"loc":{"start":{"line":24,"column":18},"end":{"line":44,"column":3}},"line":24},"2":{"name":"(anonymous_2)","decl":{"start":{"line":30,"column":31},"end":{"line":30,"column":32}},"loc":{"start":{"line":30,"column":43},"end":{"line":41,"column":5}},"line":30},"3":{"name":"(anonymous_3)","decl":{"start":{"line":70,"column":35},"end":{"line":70,"column":36}},"loc":{"start":{"line":71,"column":18},"end":{"line":78,"column":23}},"line":71}},"branchMap":{"0":{"loc":{"start":{"line":17,"column":16},"end":{"line":17,"column":72}},"type":"binary-expr","locations":[{"start":{"line":17,"column":16},"end":{"line":17,"column":45}},{"start":{"line":17,"column":49},"end":{"line":17,"column":72}}],"line":17},"1":{"loc":{"start":{"line":25,"column":4},"end":{"line":28,"column":5}},"type":"if","locations":[{"start":{"line":25,"column":4},"end":{"line":28,"column":5}},{"start":{},"end":{}}],"line":25},"2":{"loc":{"start":{"line":55,"column":11},"end":{"line":82,"column":11}},"type":"cond-expr","locations":[{"start":{"line":56,"column":12},"end":{"line":56,"column":42}},{"start":{"line":58,"column":12},"end":{"line":81,"column":20}}],"line":55}},"s":{"0":0,"1":0,"2":0,"3":0,"4":0,"5":0,"6":0,"7":0,"8":0,"9":0,"10":0,"11":0,"12":0,"13":0,"14":0,"15":0,"16":0},"f":{"0":0,"1":0,"2":0,"3":0},"b":{"0":[0,0],"1":[0,0],"2":[0,0]}}
}
