TN:
SF:src/App.tsx
FN:11,(anonymous_0)
FNF:1
FNH:1
FNDA:3,(anonymous_0)
DA:11,1
DA:12,3
LF:2
LH:2
BRF:0
BRH:0
end_of_record
TN:
SF:src/index.tsx
FNF:0
FNH:0
DA:6,0
DA:8,0
LF:2
LH:0
BRF:0
BRH:0
end_of_record
TN:
SF:src/components/ErrorBoundary.tsx
FN:18,(anonymous_0)
FN:27,(anonymous_1)
FN:32,(anonymous_2)
FN:44,(anonymous_3)
FN:52,(anonymous_4)
FN:114,(anonymous_5)
FNF:6
FNH:4
FNDA:9,(anonymous_0)
FNDA:4,(anonymous_1)
FNDA:2,(anonymous_2)
FNDA:0,(anonymous_3)
FNDA:14,(anonymous_4)
FNDA:0,(anonymous_5)
DA:19,9
DA:20,8
DA:29,4
DA:34,2
DA:35,2
DA:44,8
DA:45,0
DA:53,14
DA:54,6
DA:114,0
DA:133,8
LF:11
LH:9
BRDA:53,0,0,6
BRDA:53,0,1,8
BRDA:70,1,0,6
BRDA:70,1,1,3
BRDA:70,1,2,3
BRDA:93,2,0,3
BRDA:93,2,1,1
BRF:7
BRH:7
end_of_record
TN:
SF:src/components/Header.tsx
FN:4,(anonymous_0)
FN:8,(anonymous_1)
FNF:2
FNH:2
FNDA:5,(anonymous_0)
FNDA:1,(anonymous_1)
DA:4,1
DA:5,5
DA:6,5
DA:8,5
DA:9,1
DA:10,1
DA:13,5
LF:7
LH:7
BRDA:23,0,0,5
BRDA:23,0,1,5
BRDA:23,0,2,5
BRF:3
BRH:3
end_of_record
TN:
SF:src/components/LoadingSpinner.tsx
FN:13,(anonymous_0)
FNF:1
FNH:1
FNDA:3,(anonymous_0)
DA:13,1
DA:18,3
DA:24,3
DA:26,3
DA:35,3
DA:57,3
LF:6
LH:6
BRDA:14,0,0,3
BRDA:15,1,0,3
BRDA:16,2,0,3
BRDA:35,3,0,0
BRDA:35,3,1,3
BRDA:69,4,0,3
BRDA:69,4,1,3
BRDA:74,5,0,0
BRDA:74,5,1,3
BRF:9
BRH:7
end_of_record
TN:
SF:src/components/NotificationToast.tsx
FN:16,(anonymous_0)
FN:24,(anonymous_1)
FN:46,(anonymous_2)
FN:51,(anonymous_3)
FN:91,(anonymous_4)
FNF:5
FNH:0
FNDA:0,(anonymous_0)
FNDA:0,(anonymous_1)
FNDA:0,(anonymous_2)
FNDA:0,(anonymous_3)
FNDA:0,(anonymous_4)
DA:16,0
DA:22,0
DA:24,0
DA:26,0
DA:27,0
DA:28,0
DA:29,0
DA:30,0
DA:42,0
DA:46,0
DA:47,0
DA:48,0
DA:51,0
DA:54,0
DA:56,0
DA:63,0
DA:65,0
DA:84,0
DA:91,0
DA:92,0
DA:93,0
DA:96,0
LF:22
LH:0
BRDA:18,0,0,0
BRDA:19,1,0,0
BRDA:27,2,0,0
BRDA:27,2,1,0
BRDA:48,3,0,0
BRDA:48,3,1,0
BRDA:54,4,0,0
BRDA:54,4,1,0
BRDA:93,5,0,0
BRDA:93,5,1,0
BRF:10
BRH:0
end_of_record
TN:
SF:src/contexts/AuthContext.tsx
FN:40,(anonymous_0)
FN:52,(anonymous_1)
FN:57,(anonymous_2)
FN:63,(anonymous_3)
FN:73,(anonymous_4)
FN:92,(anonymous_5)
FN:117,(anonymous_6)
FN:127,(anonymous_7)
FN:134,(anonymous_8)
FN:140,(anonymous_9)
FN:146,(anonymous_10)
FN:161,(anonymous_11)
FNF:12
FNH:11
FNDA:1,(anonymous_0)
FNDA:10,(anonymous_1)
FNDA:2,(anonymous_2)
FNDA:2,(anonymous_3)
FNDA:0,(anonymous_4)
FNDA:1,(anonymous_5)
FNDA:8,(anonymous_6)
FNDA:1,(anonymous_7)
FNDA:1,(anonymous_8)
FNDA:1,(anonymous_9)
FNDA:9,(anonymous_10)
FNDA:15,(anonymous_11)
DA:36,3
DA:38,3
DA:40,3
DA:52,3
DA:53,10
DA:54,10
DA:55,10
DA:57,10
DA:58,2
DA:59,2
DA:60,2
DA:63,10
DA:64,2
DA:70,2
DA:73,10
DA:74,0
DA:75,0
DA:76,0
DA:79,0
DA:80,0
DA:81,0
DA:83,0
DA:84,0
DA:85,0
DA:87,0
DA:91,10
DA:93,1
DA:94,1
DA:95,1
DA:96,1
DA:97,1
DA:99,1
DA:100,1
DA:102,1
DA:103,1
DA:105,1
DA:107,0
DA:108,0
DA:109,0
DA:111,1
DA:117,10
DA:118,8
DA:119,7
DA:120,7
DA:123,1
DA:124,1
DA:126,1
DA:128,1
DA:129,0
DA:131,1
DA:132,1
DA:135,1
DA:136,1
DA:140,1
DA:141,1
DA:145,10
DA:146,9
DA:158,10
DA:161,3
DA:162,15
DA:163,15
DA:164,4
DA:166,11
LF:63
LH:49
BRDA:38,0,0,3
BRDA:38,0,1,3
BRDA:74,1,0,0
BRDA:74,1,1,0
BRDA:118,2,0,7
BRDA:118,2,1,1
BRDA:128,3,0,0
BRDA:128,3,1,1
BRDA:135,4,0,1
BRDA:135,4,1,0
BRDA:163,5,0,4
BRDA:163,5,1,11
BRF:12
BRH:8
end_of_record
TN:
SF:src/hooks/useApi.ts
FN:35,useApi
FN:42,(anonymous_1)
FN:84,(anonymous_2)
FNF:3
FNH:1
FNDA:3,useApi
FNDA:0,(anonymous_1)
FNDA:0,(anonymous_2)
DA:36,3
DA:42,3
DA:43,0
DA:45,0
DA:46,0
DA:47,0
DA:48,0
DA:50,0
DA:51,0
DA:53,0
DA:55,0
DA:58,0
DA:59,0
DA:60,0
DA:61,0
DA:62,0
DA:63,0
DA:64,0
DA:65,0
DA:68,0
DA:71,0
DA:73,0
DA:76,0
DA:79,0
DA:80,0
DA:84,3
DA:85,0
DA:88,3
LF:28
LH:4
BRDA:53,0,0,0
BRDA:53,0,1,0
BRDA:58,1,0,0
BRDA:58,1,1,0
BRDA:60,2,0,0
BRDA:60,2,1,0
BRDA:62,3,0,0
BRDA:62,3,1,0
BRDA:64,4,0,0
BRDA:64,4,1,0
BRDA:69,5,0,0
BRDA:69,5,1,0
BRDA:69,5,2,0
BRDA:71,6,0,0
BRDA:71,6,1,0
BRF:15
BRH:0
end_of_record
TN:
SF:src/pages/AppointmentsPage.tsx
FN:18,(anonymous_0)
FN:23,(anonymous_1)
FN:29,(anonymous_2)
FN:69,(anonymous_3)
FNF:4
FNH:0
FNDA:0,(anonymous_0)
FNDA:0,(anonymous_1)
FNDA:0,(anonymous_2)
FNDA:0,(anonymous_3)
DA:16,0
DA:18,0
DA:19,0
DA:20,0
DA:21,0
DA:23,0
DA:24,0
DA:25,0
DA:26,0
DA:29,0
DA:30,0
DA:31,0
DA:36,0
DA:38,0
DA:42,0
DA:45,0
DA:70,0
LF:17
LH:0
BRDA:16,0,0,0
BRDA:16,0,1,0
BRDA:24,1,0,0
BRDA:24,1,1,0
BRDA:54,2,0,0
BRDA:54,2,1,0
BRF:6
BRH:0
end_of_record
TN:
SF:src/pages/DashboardPage.tsx
FN:16,(anonymous_0)
FN:21,(anonymous_1)
FN:27,(anonymous_2)
FNF:3
FNH:0
FNDA:0,(anonymous_0)
FNDA:0,(anonymous_1)
FNDA:0,(anonymous_2)
DA:14,0
DA:16,0
DA:17,0
DA:18,0
DA:19,0
DA:21,0
DA:22,0
DA:23,0
DA:24,0
DA:27,0
DA:28,0
DA:29,0
DA:34,0
DA:36,0
DA:40,0
DA:43,0
DA:44,0
DA:54,0
LF:18
LH:0
BRDA:14,0,0,0
BRDA:14,0,1,0
BRDA:22,1,0,0
BRDA:22,1,1,0
BRDA:43,2,0,0
BRDA:43,2,1,0
BRF:6
BRH:0
end_of_record
TN:
SF:src/pages/LoginPage.tsx
FN:6,(anonymous_0)
FN:13,(anonymous_1)
FN:40,(anonymous_2)
FN:52,(anonymous_3)
FNF:4
FNH:0
FNDA:0,(anonymous_0)
FNDA:0,(anonymous_1)
FNDA:0,(anonymous_2)
FNDA:0,(anonymous_3)
DA:6,0
DA:7,0
DA:8,0
DA:9,0
DA:10,0
DA:11,0
DA:13,0
DA:14,0
DA:15,0
DA:17,0
DA:18,0
DA:19,0
DA:21,0
DA:25,0
DA:40,0
DA:52,0
LF:16
LH:0
BRDA:32,0,0,0
BRDA:32,0,1,0
BRDA:58,1,0,0
BRDA:58,1,1,0
BRF:4
BRH:0
end_of_record
TN:
SF:src/pages/PatientsPage.tsx
FN:18,(anonymous_0)
FN:23,(anonymous_1)
FN:29,(anonymous_2)
FN:68,(anonymous_3)
FNF:4
FNH:0
FNDA:0,(anonymous_0)
FNDA:0,(anonymous_1)
FNDA:0,(anonymous_2)
FNDA:0,(anonymous_3)
DA:16,0
DA:18,0
DA:19,0
DA:20,0
DA:21,0
DA:23,0
DA:24,0
DA:25,0
DA:26,0
DA:29,0
DA:30,0
DA:31,0
DA:36,0
DA:38,0
DA:42,0
DA:45,0
DA:69,0
LF:17
LH:0
BRDA:16,0,0,0
BRDA:16,0,1,0
BRDA:24,1,0,0
BRDA:24,1,1,0
BRDA:54,2,0,0
BRDA:54,2,1,0
BRDA:74,3,0,0
BRDA:74,3,1,0
BRF:8
BRH:0
end_of_record
TN:
SF:src/pages/PrescriptionsPage.tsx
FN:19,(anonymous_0)
FN:24,(anonymous_1)
FN:30,(anonymous_2)
FN:70,(anonymous_3)
FNF:4
FNH:0
FNDA:0,(anonymous_0)
FNDA:0,(anonymous_1)
FNDA:0,(anonymous_2)
FNDA:0,(anonymous_3)
DA:17,0
DA:19,0
DA:20,0
DA:21,0
DA:22,0
DA:24,0
DA:25,0
DA:26,0
DA:27,0
DA:30,0
DA:31,0
DA:32,0
DA:37,0
DA:39,0
DA:43,0
DA:46,0
DA:71,0
LF:17
LH:0
BRDA:17,0,0,0
BRDA:17,0,1,0
BRDA:25,1,0,0
BRDA:25,1,1,0
BRDA:55,2,0,0
BRDA:55,2,1,0
BRF:6
BRH:0
end_of_record
